mode: set
goapi-template/main.go:25.89,32.2 1 0
goapi-template/main.go:34.91,38.2 1 0
goapi-template/main.go:40.46,54.48 10 0
goapi-template/main.go:54.48,63.3 3 0
goapi-template/main.go:65.2,65.15 1 0
goapi-template/main.go:68.91,69.79 1 0
goapi-template/main.go:69.79,71.3 1 0
goapi-template/main.go:73.2,74.16 2 0
goapi-template/main.go:74.16,76.3 1 0
goapi-template/main.go:78.2,80.28 2 0
goapi-template/main.go:83.98,85.43 1 0
goapi-template/main.go:85.43,89.3 2 0
goapi-template/main.go:91.2,91.25 1 0
goapi-template/main.go:91.26,91.27 0 0
goapi-template/main.go:95.109,111.12 9 0
goapi-template/main.go:111.12,113.3 1 0
goapi-template/main.go:113.8,115.3 1 0
goapi-template/main.go:117.2,117.16 1 0
goapi-template/main.go:117.16,119.3 1 0
goapi-template/main.go:121.2,121.21 1 0
goapi-template/main.go:128.13,147.2 13 0
goapi-template/cache/cacher.go:24.82,26.2 1 0
goapi-template/cache/cacher.go:28.86,30.2 1 0
goapi-template/cache/cacher.go:32.72,34.2 1 0
goapi-template/cache/cacher.go:36.31,39.16 2 0
goapi-template/cache/cacher.go:39.16,41.3 1 0
goapi-template/cache/cacher.go:44.67,52.2 2 0
goapi-template/cache/cacher.go:54.83,56.27 2 0
goapi-template/cache/cacher.go:56.27,58.3 1 0
goapi-template/cache/cacher.go:60.2,63.20 3 0
goapi-template/cache/cacher.go:66.87,68.16 2 0
goapi-template/cache/cacher.go:68.16,70.3 1 0
goapi-template/cache/cacher.go:72.2,72.46 1 0
goapi-template/docs/docs.go:319.13,321.2 1 0
goapi-template/config/loader.go:51.51,53.9 2 1
goapi-template/config/loader.go:53.9,55.3 1 1
goapi-template/config/loader.go:57.2,59.16 2 1
goapi-template/config/loader.go:59.16,61.3 1 1
goapi-template/config/loader.go:63.2,66.9 3 1
goapi-template/config/loader.go:66.9,68.3 1 1
goapi-template/config/loader.go:69.2,71.51 2 1
goapi-template/config/loader.go:71.51,73.3 1 1
goapi-template/config/loader.go:75.2,75.55 1 1
goapi-template/config/loader.go:75.55,77.3 1 1
goapi-template/config/loader.go:79.2,79.20 1 1
goapi-template/config/loader.go:82.83,83.21 1 1
goapi-template/config/loader.go:83.21,85.3 1 0
goapi-template/config/loader.go:87.2,88.16 2 1
goapi-template/config/loader.go:88.16,90.3 1 1
goapi-template/config/loader.go:92.2,96.16 4 1
goapi-template/config/loader.go:96.16,98.3 1 0
goapi-template/config/loader.go:100.2,100.20 1 1
goapi-template/config/loader.go:103.61,107.60 3 1
goapi-template/config/loader.go:107.60,109.3 1 0
goapi-template/config/loader.go:111.2,117.61 3 1
goapi-template/config/loader.go:117.61,119.3 1 1
goapi-template/config/loader.go:121.2,121.49 1 1
goapi-template/config/loader.go:121.49,123.3 1 1
goapi-template/config/loader.go:123.8,125.3 1 1
goapi-template/config/loader.go:127.2,130.70 3 1
goapi-template/config/loader.go:130.70,132.3 1 1
goapi-template/config/loader.go:132.8,134.3 1 1
goapi-template/config/loader.go:136.2,136.20 1 1
goapi-template/config/loader.go:139.53,142.82 2 1
goapi-template/config/loader.go:142.82,144.3 1 1
goapi-template/config/loader.go:146.2,146.38 1 1
goapi-template/config/loader.go:146.38,149.3 1 1
goapi-template/config/loader.go:151.2,151.59 1 1
goapi-template/config/loader.go:151.59,153.3 1 1
goapi-template/config/loader.go:153.8,155.3 1 1
goapi-template/config/loader.go:157.2,157.52 1 1
goapi-template/config/loader.go:157.52,160.3 2 1
goapi-template/config/loader.go:160.8,162.3 1 1
goapi-template/config/loader.go:164.2,164.68 1 1
goapi-template/config/loader.go:164.68,167.3 2 1
goapi-template/config/loader.go:167.8,169.3 1 1
goapi-template/config/loader.go:171.2,173.20 2 1
goapi-template/config/loader.go:176.34,178.16 2 1
goapi-template/config/loader.go:178.16,180.3 1 0
goapi-template/config/loader.go:182.2,183.16 2 1
goapi-template/config/loader.go:183.16,185.3 1 0
goapi-template/config/loader.go:187.2,188.16 2 1
goapi-template/config/loader.go:188.16,190.3 1 0
goapi-template/config/loader.go:192.2,196.3 1 1
goapi-template/cache/cacher.go:24.82,26.2 1 0
goapi-template/cache/cacher.go:28.86,30.2 1 0
goapi-template/cache/cacher.go:32.72,34.2 1 0
goapi-template/cache/cacher.go:36.31,39.16 2 0
goapi-template/cache/cacher.go:39.16,41.3 1 0
goapi-template/cache/cacher.go:44.67,52.2 2 0
goapi-template/cache/cacher.go:54.83,56.27 2 0
goapi-template/cache/cacher.go:56.27,58.3 1 0
goapi-template/cache/cacher.go:60.2,63.20 3 0
goapi-template/cache/cacher.go:66.87,68.16 2 0
goapi-template/cache/cacher.go:68.16,70.3 1 0
goapi-template/cache/cacher.go:72.2,72.46 1 0
goapi-template/handlers/handlers.go:24.39,26.2 1 1
goapi-template/handlers/handlers.go:28.83,34.55 2 1
goapi-template/handlers/handlers.go:34.55,37.3 2 1
goapi-template/handlers/handlers.go:39.2,39.26 1 1
goapi-template/handlers/handlers.go:39.26,41.3 1 1
goapi-template/handlers/handlers.go:43.2,43.46 1 1
goapi-template/handlers/handlers.go:43.46,44.30 1 1
goapi-template/handlers/handlers.go:44.30,46.4 1 1
goapi-template/handlers/handlers.go:49.2,49.95 1 1
goapi-template/handlers/handlers.go:52.46,53.16 1 1
goapi-template/handlers/handlers.go:53.16,55.3 1 0
goapi-template/handlers/handlers.go:57.2,57.50 1 1
goapi-template/handlers/handlers.go:57.50,59.3 1 1
goapi-template/handlers/handlers.go:61.2,61.12 1 1
goapi-template/handlers/handlers.go:64.47,65.39 1 1
goapi-template/handlers/handlers.go:65.39,67.3 1 1
goapi-template/handlers/handlers.go:69.2,69.11 1 1
goapi-template/handlers/handlers.go:72.50,75.16 2 1
goapi-template/handlers/handlers.go:75.16,77.3 1 0
goapi-template/handlers/handlers.go:79.2,82.22 4 1
goapi-template/handlers/handlers.go:83.19,84.51 1 1
goapi-template/handlers/handlers.go:85.22,86.33 1 0
goapi-template/handlers/handlers.go:87.36,90.30 3 0
goapi-template/handlers/handlers.go:90.30,91.70 1 0
goapi-template/handlers/handlers.go:91.70,93.5 1 0
goapi-template/handlers/handlers.go:95.3,95.28 1 0
goapi-template/handlers/handlers.go:95.28,97.4 1 0
goapi-template/handlers/handlers.go:98.3,98.21 1 0
goapi-template/handlers/handlers.go:99.10,100.13 1 0
goapi-template/handlers/handlers.go:104.73,109.2 4 1
goapi-template/handlers/handlers.go:111.57,113.2 1 1
goapi-template/handlers/handlers.go:115.51,117.2 1 1
goapi-template/handlers/handlers.go:119.63,121.25 2 1
goapi-template/handlers/handlers.go:121.25,123.3 1 1
goapi-template/handlers/handlers.go:124.2,124.12 1 1
goapi-template/handlers/handlers.go:127.60,128.18 1 1
goapi-template/handlers/handlers.go:129.18,130.51 1 1
goapi-template/handlers/handlers.go:131.13,132.86 1 1
goapi-template/handlers/handlers.go:133.12,134.74 1 1
goapi-template/handlers/handlers.go:135.13,136.89 1 1
goapi-template/handlers/handlers.go:137.12,138.77 1 1
goapi-template/handlers/handlers.go:139.13,140.84 1 1
goapi-template/handlers/handlers.go:141.13,142.84 1 1
goapi-template/handlers/handlers.go:143.15,144.76 1 1
goapi-template/handlers/handlers.go:146.2,146.24 1 0
goapi-template/handlers/health.go:18.69,21.16 3 1
goapi-template/handlers/health.go:21.16,23.3 1 1
goapi-template/handlers/health.go:25.2,30.18 5 1
goapi-template/handlers/health.go:30.18,32.3 1 1
goapi-template/handlers/health.go:34.2,34.30 1 1
goapi-template/handlers/person.go:26.69,28.16 2 1
goapi-template/handlers/person.go:28.16,31.3 2 1
goapi-template/handlers/person.go:33.2,35.16 2 1
goapi-template/handlers/person.go:35.16,39.3 3 1
goapi-template/handlers/person.go:40.2,49.35 2 1
goapi-template/handlers/person.go:66.70,68.42 2 1
goapi-template/handlers/person.go:68.42,72.3 3 1
goapi-template/handlers/person.go:74.2,85.16 4 1
goapi-template/handlers/person.go:85.16,89.3 3 1
goapi-template/handlers/person.go:91.2,91.73 1 1
goapi-template/handlers/person.go:109.69,111.16 2 1
goapi-template/handlers/person.go:111.16,114.3 2 1
goapi-template/handlers/person.go:115.2,116.42 2 1
goapi-template/handlers/person.go:116.42,120.3 3 1
goapi-template/handlers/person.go:122.2,133.16 3 1
goapi-template/handlers/person.go:133.16,137.3 3 1
goapi-template/handlers/person.go:139.2,139.25 1 1
goapi-template/handlers/person.go:139.25,142.3 2 1
goapi-template/handlers/person.go:144.2,144.37 1 1
goapi-template/handlers/person.go:159.72,161.16 2 1
goapi-template/handlers/person.go:161.16,164.3 2 1
goapi-template/handlers/person.go:166.2,168.16 2 1
goapi-template/handlers/person.go:168.16,172.3 3 1
goapi-template/handlers/person.go:174.2,174.17 1 1
goapi-template/handlers/person.go:174.17,177.3 2 1
goapi-template/handlers/person.go:179.2,179.37 1 1
goapi-template/models/validationErrors.go:10.44,12.11 2 1
goapi-template/models/validationErrors.go:13.9,14.12 1 0
goapi-template/models/validationErrors.go:15.10,17.20 2 1
goapi-template/models/validationErrors.go:17.20,19.4 1 1
goapi-template/models/validationErrors.go:20.3,20.12 1 1
goapi-template/models/validationErrors.go:20.12,21.27 1 1
goapi-template/models/validationErrors.go:21.27,22.22 1 1
goapi-template/models/validationErrors.go:22.22,25.6 2 1
goapi-template/models/validationErrors.go:28.3,28.20 1 1
goapi-template/middlewares/log.go:16.51,19.2 2 1
goapi-template/middlewares/log.go:21.61,24.2 2 1
goapi-template/middlewares/log.go:26.69,28.2 1 1
goapi-template/middlewares/log.go:30.52,31.71 1 1
goapi-template/middlewares/log.go:31.71,45.3 4 1
goapi-template/middlewares/trace.go:12.54,13.71 1 1
goapi-template/middlewares/trace.go:13.71,21.3 4 1
goapi-template/cache/cacher.go:24.82,26.2 1 0
goapi-template/cache/cacher.go:28.86,30.2 1 0
goapi-template/cache/cacher.go:32.72,34.2 1 0
goapi-template/cache/cacher.go:36.31,39.16 2 0
goapi-template/cache/cacher.go:39.16,41.3 1 0
goapi-template/cache/cacher.go:44.67,52.2 2 0
goapi-template/cache/cacher.go:54.83,56.27 2 1
goapi-template/cache/cacher.go:56.27,58.3 1 1
goapi-template/cache/cacher.go:60.2,63.20 3 1
goapi-template/cache/cacher.go:66.87,68.16 2 1
goapi-template/cache/cacher.go:68.16,70.3 1 0
goapi-template/cache/cacher.go:72.2,72.46 1 1
goapi-template/db/cachingQuerier.go:17.75,20.16 2 1
goapi-template/db/cachingQuerier.go:20.16,22.3 1 1
goapi-template/db/cachingQuerier.go:24.2,24.19 1 1
goapi-template/db/cachingQuerier.go:24.19,26.3 1 1
goapi-template/db/cachingQuerier.go:28.2,28.33 1 1
goapi-template/db/cachingQuerier.go:31.87,34.16 2 1
goapi-template/db/cachingQuerier.go:34.16,36.3 1 1
goapi-template/db/cachingQuerier.go:38.2,38.19 1 1
goapi-template/db/cachingQuerier.go:38.19,40.3 1 1
goapi-template/db/cachingQuerier.go:42.2,42.41 1 1
goapi-template/db/cachingQuerier.go:45.100,48.16 2 1
goapi-template/db/cachingQuerier.go:48.16,50.3 1 0
goapi-template/db/cachingQuerier.go:52.2,54.16 2 1
goapi-template/db/cachingQuerier.go:54.16,56.3 1 1
goapi-template/db/cachingQuerier.go:58.2,58.20 1 1
goapi-template/db/cachingQuerier.go:61.99,64.16 2 1
goapi-template/db/cachingQuerier.go:64.16,66.3 1 0
goapi-template/db/cachingQuerier.go:68.2,79.16 3 1
goapi-template/db/cachingQuerier.go:79.16,81.3 1 1
goapi-template/db/cachingQuerier.go:83.2,83.22 1 1
goapi-template/db/cachingQuerier.go:86.85,89.16 2 1
goapi-template/db/cachingQuerier.go:89.16,91.3 1 0
goapi-template/db/cachingQuerier.go:93.2,95.16 2 1
goapi-template/db/cachingQuerier.go:95.16,97.3 1 1
goapi-template/db/cachingQuerier.go:99.2,99.22 1 1
goapi-template/db/cachingQuerier.go:102.69,104.2 1 0
goapi-template/db/cachingQuerier.go:106.78,108.2 1 1
goapi-template/db/db.go:20.28,22.2 1 0
goapi-template/db/db.go:28.46,32.2 1 0
goapi-template/db/init.go:11.36,18.16 3 1
goapi-template/db/init.go:18.16,20.3 1 1
goapi-template/db/init.go:22.2,22.31 1 0
goapi-template/db/init.go:22.31,23.33 1 0
goapi-template/db/init.go:23.33,25.4 1 0
goapi-template/db/init.go:25.9,27.4 1 0
goapi-template/db/init.go:30.2,30.12 1 0
goapi-template/db/queries.sql.go:19.78,21.16 2 0
goapi-template/db/queries.sql.go:21.16,23.3 1 0
goapi-template/db/queries.sql.go:24.2,24.35 1 0
goapi-template/db/queries.sql.go:32.68,34.16 2 0
goapi-template/db/queries.sql.go:34.16,36.3 1 0
goapi-template/db/queries.sql.go:37.2,39.18 3 0
goapi-template/db/queries.sql.go:39.18,48.17 2 0
goapi-template/db/queries.sql.go:48.17,50.4 1 0
goapi-template/db/queries.sql.go:51.3,51.27 1 0
goapi-template/db/queries.sql.go:53.2,53.35 1 0
goapi-template/db/queries.sql.go:53.35,55.3 1 0
goapi-template/db/queries.sql.go:56.2,56.19 1 0
goapi-template/db/queries.sql.go:65.80,77.2 4 0
goapi-template/db/queries.sql.go:93.93,111.2 4 0
goapi-template/db/queries.sql.go:117.62,122.2 4 0
goapi-template/db/queries.sql.go:143.92,152.16 2 0
goapi-template/db/queries.sql.go:152.16,154.3 1 0
goapi-template/db/queries.sql.go:155.2,155.35 1 0
goapi-template/auth/middlewares.go:23.51,27.2 3 0
goapi-template/auth/middlewares.go:33.58,34.71 1 1
goapi-template/auth/middlewares.go:34.71,38.16 3 1
goapi-template/auth/middlewares.go:38.16,44.4 2 1
goapi-template/auth/middlewares.go:46.3,48.17 2 1
goapi-template/auth/middlewares.go:48.17,56.4 7 1
goapi-template/auth/middlewares.go:58.3,60.17 2 1
goapi-template/auth/middlewares.go:60.17,68.4 7 0
goapi-template/auth/middlewares.go:70.3,72.28 2 1
goapi-template/auth/middlewares.go:76.52,77.71 1 1
goapi-template/auth/middlewares.go:77.71,81.16 3 1
goapi-template/auth/middlewares.go:81.16,87.4 2 1
goapi-template/auth/middlewares.go:89.3,97.17 4 1
goapi-template/auth/middlewares.go:97.17,104.4 6 0
goapi-template/auth/middlewares.go:106.3,106.21 1 1
goapi-template/auth/middlewares.go:106.21,113.4 6 1
goapi-template/auth/middlewares.go:115.3,115.23 1 1
goapi-template/auth/middlewares.go:119.45,122.9 2 1
goapi-template/auth/middlewares.go:122.9,124.3 1 0
goapi-template/auth/middlewares.go:126.2,127.16 2 1
goapi-template/auth/middlewares.go:127.16,129.3 1 0
goapi-template/auth/middlewares.go:131.2,131.15 1 1
goapi-template/auth/middlewares.go:134.36,138.40 1 1
goapi-template/auth/middlewares.go:138.40,140.4 1 0
goapi-template/auth/middlewares.go:143.2,144.16 2 1
goapi-template/auth/middlewares.go:144.16,146.3 1 0
goapi-template/auth/middlewares.go:148.2,148.13 1 1
goapi-template/auth/token.go:16.51,17.22 1 1
goapi-template/auth/token.go:17.22,18.13 1 1
goapi-template/auth/token.go:18.13,20.4 1 1
goapi-template/auth/token.go:22.2,22.14 1 1
goapi-template/auth/token.go:25.108,27.16 2 1
goapi-template/auth/token.go:27.16,29.3 1 1
goapi-template/auth/token.go:31.2,31.18 1 1
goapi-template/auth/token.go:31.18,33.3 1 0
goapi-template/auth/token.go:35.2,36.51 2 1
goapi-template/auth/token.go:36.51,38.3 1 1
goapi-template/auth/token.go:40.2,43.19 3 1
goapi-template/auth/token.go:43.19,45.3 1 1
goapi-template/auth/token.go:47.2,54.43 2 1
goapi-template/auth/token.go:54.43,56.3 1 1
goapi-template/auth/token.go:58.2,58.18 1 1
goapi-template/auth/token.go:61.52,65.41 3 1
goapi-template/auth/token.go:65.41,67.3 1 1
goapi-template/auth/token.go:69.2,69.23 1 1
goapi-template/auth/token.go:72.103,75.16 2 1
goapi-template/auth/token.go:75.16,77.3 1 1
goapi-template/auth/token.go:79.2,80.17 2 1
goapi-template/auth/token.go:80.17,82.3 1 1
goapi-template/auth/token.go:84.2,84.19 1 1
